<?xml version="1.0" encoding="UTF-8"?>
<!-- Generated by org.testng.reporters.JUnitReportReporter -->
<testsuite hostname="admin-PC" name="APIAssignment.GetResponse" tests="2" failures="0" timestamp="29 Jun 2018 17:46:39 GMT" time="2.619" errors="0">
  <testcase name="Test_02" time="0.266" classname="APIAssignment.GetResponse"/>
  <testcase name="Test_01" time="2.353" classname="APIAssignment.GetResponse"/>
</testsuite> <!-- APIAssignment.GetResponse -->
