<?xml version="1.0" encoding="UTF-8"?>
<!-- Generated by org.testng.reporters.JUnitReportReporter -->
<testsuite hostname="admin-PC" name="APIAssignment.PatchRequest" tests="1" failures="0" timestamp="29 Jun 2018 17:58:07 GMT" time="2.801" errors="0">
  <testcase name="Test" time="2.801" classname="APIAssignment.PatchRequest"/>
</testsuite> <!-- APIAssignment.PatchRequest -->
