<?xml version="1.0" encoding="UTF-8"?>
<!-- Generated by org.testng.reporters.JUnitReportReporter -->
<testsuite hostname="admin-PC" name="APIAssignment.PutRequest" tests="1" failures="0" timestamp="29 Jun 2018 18:04:53 GMT" time="2.597" errors="0">
  <testcase name="test" time="2.597" classname="APIAssignment.PutRequest"/>
</testsuite> <!-- APIAssignment.PutRequest -->
